\BOOKMARK [1][-]{section.1}{\376\377\137\025\212\000}{}% 1
\BOOKMARK [1][-]{section.2}{\376\377\152\041\127\213\136\372\172\313}{}% 2
\BOOKMARK [2][-]{subsection.2.1}{\376\377\136\267\121\173\143\007\150\007\220\011\123\326\150\007\121\306}{section.2}% 3
\BOOKMARK [2][-]{subsection.2.2}{\376\377\136\267\121\173\143\007\150\007}{section.2}% 4
\BOOKMARK [2][-]{subsection.2.3}{\376\377\221\317\123\026\136\267\121\173\143\007\150\007}{section.2}% 5
\BOOKMARK [3][-]{subsubsection.2.3.1}{\376\377\215\104\156\220\133\306\136\246}{subsection.2.3}% 6
\BOOKMARK [3][-]{subsubsection.2.3.2}{\376\377\116\272\123\343\133\306\136\246}{subsection.2.3}% 7
\BOOKMARK [3][-]{subsubsection.2.3.3}{\376\377\215\104\156\220\221\115\177\156\133\306\136\246\000/\116\272\127\107\215\104\156\220\145\160\221\317}{subsection.2.3}% 8
\BOOKMARK [3][-]{subsubsection.2.3.4}{\376\377\136\267\121\173\215\104\156\220\120\076\145\234\136\246}{subsection.2.3}% 9
\BOOKMARK [3][-]{subsubsection.2.3.5}{\376\377\215\104\156\220\122\006\221\115\174\373\145\160}{subsection.2.3}% 10
\BOOKMARK [3][-]{subsubsection.2.3.6}{\376\377\215\104\156\220\221\115\177\156\124\010\164\006\140\047}{subsection.2.3}% 11
\BOOKMARK [3][-]{subsubsection.2.3.7}{\376\377\200\003\206\121\127\060\164\006\126\340\175\040\116\013\166\204\215\104\156\220\221\115\177\156\124\010\164\006\140\047}{subsection.2.3}% 12
\BOOKMARK [3][-]{subsubsection.2.3.8}{\376\377\215\104\156\220\221\115\177\156\127\107\210\141\136\246}{subsection.2.3}% 13
\BOOKMARK [2][-]{subsection.2.4}{\376\377\173\200\123\026\166\204\136\267\121\173\143\007\145\160}{section.2}% 14
\BOOKMARK [3][-]{subsubsection.2.4.1}{\376\377\136\267\121\173\143\007\145\160\121\154\137\017}{subsection.2.4}% 15
\BOOKMARK [3][-]{subsubsection.2.4.2}{\376\377\147\103\221\315\213\241\173\227}{subsection.2.4}% 16
\BOOKMARK [1][-]{section.3}{\376\377\145\160\143\156\213\241\173\227}{}% 17
\BOOKMARK [2][-]{subsection.3.1}{\376\377\215\104\156\220\221\115\177\156\124\010\164\006\140\047\213\241\173\227}{section.3}% 18
\BOOKMARK [2][-]{subsection.3.2}{\376\377\127\060\164\006\126\340\175\040\116\013\166\204\215\104\156\220\221\115\177\156\124\010\164\006\140\047\213\241\173\227}{section.3}% 19
\BOOKMARK [1][-]{section.4}{\376\377\145\160\143\156\122\006\147\220\116\016\176\323\147\234}{}% 20
\BOOKMARK [1][-]{section.5}{\376\377\211\343\121\263\145\271\150\110}{}% 21
\BOOKMARK [2][-]{subsection.5.1}{\376\377\227\136\173\227\154\325\145\271\227\142}{section.5}% 22
\BOOKMARK [2][-]{subsection.5.2}{\376\377\173\227\154\325\145\271\227\142}{section.5}% 23
\BOOKMARK [1][-]{section.6}{\376\377\176\323\213\272\116\016\213\250\213\272}{}% 24
